2020-07-21 13:03:22,147 INFO 7500 [egg:logger] init all loggers with options: {"dir":"D:\\lzy\\egg-demo\\logs\\egg-example","encoding":"utf8","env":"local","level":"INFO","consoleLevel":"INFO","disableConsoleAfterReady":false,"outputJSON":false,"buffer":true,"appLogName":"egg-example-web.log","coreLogName":"egg-web.log","agentLogName":"egg-agent.log","errorLogName":"common-error.log","coreLogger":{"consoleLevel":"WARN"},"allowDebugAtProd":false,"type":"application"}
2020-07-21 13:03:22,172 INFO 7500 [egg-multipart] stream mode enable
2020-07-21 13:03:22,235 INFO 7500 [egg-static] starting static serve /public/ -> D:\lzy\egg-demo\app\public
2020-07-21 13:03:22,238 INFO 7500 [egg-security] use csrf middleware
2020-07-21 13:03:22,238 INFO 7500 [egg-security] use methodnoallow middleware
2020-07-21 13:03:22,239 INFO 7500 [egg-security] use noopen middleware
2020-07-21 13:03:22,239 INFO 7500 [egg-security] use nosniff middleware
2020-07-21 13:03:22,240 INFO 7500 [egg-security] use xssProtection middleware
2020-07-21 13:03:22,240 INFO 7500 [egg-security] use xframe middleware
2020-07-21 13:03:22,240 INFO 7500 [egg-security] use dta middleware
2020-07-21 13:03:22,240 INFO 7500 [egg-security] compose 7 middlewares into one security middleware
2020-07-21 13:03:22,250 INFO 7500 [egg:core] dump config after load, 5ms
2020-07-21 13:03:22,291 INFO 7500 [egg-watcher:application] watcher start success
2020-07-21 13:03:22,297 INFO 7500 [egg:core] dump config after ready, 4ms
2020-07-21 13:04:14,021 INFO 9312 [egg:logger] init all loggers with options: {"dir":"D:\\lzy\\egg-demo\\logs\\egg-example","encoding":"utf8","env":"local","level":"INFO","consoleLevel":"INFO","disableConsoleAfterReady":false,"outputJSON":false,"buffer":true,"appLogName":"egg-example-web.log","coreLogName":"egg-web.log","agentLogName":"egg-agent.log","errorLogName":"common-error.log","coreLogger":{"consoleLevel":"WARN"},"allowDebugAtProd":false,"type":"application"}
2020-07-21 13:04:14,045 INFO 9312 [egg-multipart] stream mode enable
2020-07-21 13:04:14,090 INFO 9312 [egg-static] starting static serve /public/ -> D:\lzy\egg-demo\app\public
2020-07-21 13:04:14,092 INFO 9312 [egg-security] use methodnoallow middleware
2020-07-21 13:04:14,093 INFO 9312 [egg-security] use noopen middleware
2020-07-21 13:04:14,093 INFO 9312 [egg-security] use nosniff middleware
2020-07-21 13:04:14,094 INFO 9312 [egg-security] use xssProtection middleware
2020-07-21 13:04:14,094 INFO 9312 [egg-security] use xframe middleware
2020-07-21 13:04:14,095 INFO 9312 [egg-security] use dta middleware
2020-07-21 13:04:14,095 INFO 9312 [egg-security] compose 6 middlewares into one security middleware
2020-07-21 13:04:14,105 INFO 9312 [egg:core] dump config after load, 5ms
2020-07-21 13:04:14,143 INFO 9312 [egg-watcher:application] watcher start success
2020-07-21 13:04:14,150 INFO 9312 [egg:core] dump config after ready, 5ms
2020-07-21 13:04:21,902 INFO 6488 [egg:logger] init all loggers with options: {"dir":"D:\\lzy\\egg-demo\\logs\\egg-example","encoding":"utf8","env":"local","level":"INFO","consoleLevel":"INFO","disableConsoleAfterReady":false,"outputJSON":false,"buffer":true,"appLogName":"egg-example-web.log","coreLogName":"egg-web.log","agentLogName":"egg-agent.log","errorLogName":"common-error.log","coreLogger":{"consoleLevel":"WARN"},"allowDebugAtProd":false,"type":"application"}
2020-07-21 13:04:21,925 INFO 6488 [egg-multipart] stream mode enable
2020-07-21 13:04:21,971 INFO 6488 [egg-static] starting static serve /public/ -> D:\lzy\egg-demo\app\public
2020-07-21 13:04:21,973 INFO 6488 [egg-security] use methodnoallow middleware
2020-07-21 13:04:21,974 INFO 6488 [egg-security] use noopen middleware
2020-07-21 13:04:21,974 INFO 6488 [egg-security] use nosniff middleware
2020-07-21 13:04:21,975 INFO 6488 [egg-security] use xssProtection middleware
2020-07-21 13:04:21,975 INFO 6488 [egg-security] use xframe middleware
2020-07-21 13:04:21,975 INFO 6488 [egg-security] use dta middleware
2020-07-21 13:04:21,975 INFO 6488 [egg-security] compose 6 middlewares into one security middleware
2020-07-21 13:04:21,986 INFO 6488 [egg:core] dump config after load, 6ms
2020-07-21 13:04:22,028 INFO 6488 [egg-watcher:application] watcher start success
2020-07-21 13:04:22,036 INFO 6488 [egg:core] dump config after ready, 6ms
2020-07-21 13:04:23,292 INFO 6808 [egg:logger] init all loggers with options: {"dir":"D:\\lzy\\egg-demo\\logs\\egg-example","encoding":"utf8","env":"local","level":"INFO","consoleLevel":"INFO","disableConsoleAfterReady":false,"outputJSON":false,"buffer":true,"appLogName":"egg-example-web.log","coreLogName":"egg-web.log","agentLogName":"egg-agent.log","errorLogName":"common-error.log","coreLogger":{"consoleLevel":"WARN"},"allowDebugAtProd":false,"type":"application"}
2020-07-21 13:04:23,315 INFO 6808 [egg-multipart] stream mode enable
2020-07-21 13:04:23,361 INFO 6808 [egg-static] starting static serve /public/ -> D:\lzy\egg-demo\app\public
2020-07-21 13:04:23,363 INFO 6808 [egg-security] use methodnoallow middleware
2020-07-21 13:04:23,364 INFO 6808 [egg-security] use noopen middleware
2020-07-21 13:04:23,364 INFO 6808 [egg-security] use nosniff middleware
2020-07-21 13:04:23,365 INFO 6808 [egg-security] use xssProtection middleware
2020-07-21 13:04:23,365 INFO 6808 [egg-security] use xframe middleware
2020-07-21 13:04:23,365 INFO 6808 [egg-security] use dta middleware
2020-07-21 13:04:23,365 INFO 6808 [egg-security] compose 6 middlewares into one security middleware
2020-07-21 13:04:23,375 INFO 6808 [egg:core] dump config after load, 4ms
2020-07-21 13:04:23,412 INFO 6808 [egg-watcher:application] watcher start success
2020-07-21 13:04:23,420 INFO 6808 [egg:core] dump config after ready, 6ms
2020-07-21 13:04:56,460 INFO 9088 [egg:logger] init all loggers with options: {"dir":"D:\\lzy\\egg-demo\\logs\\egg-example","encoding":"utf8","env":"local","level":"INFO","consoleLevel":"INFO","disableConsoleAfterReady":false,"outputJSON":false,"buffer":true,"appLogName":"egg-example-web.log","coreLogName":"egg-web.log","agentLogName":"egg-agent.log","errorLogName":"common-error.log","coreLogger":{"consoleLevel":"WARN"},"allowDebugAtProd":false,"type":"application"}
2020-07-21 13:04:56,485 INFO 9088 [egg-multipart] stream mode enable
2020-07-21 13:04:56,533 INFO 9088 [egg-static] starting static serve /public/ -> D:\lzy\egg-demo\app\public
2020-07-21 13:04:56,536 INFO 9088 [egg-security] use methodnoallow middleware
2020-07-21 13:04:56,536 INFO 9088 [egg-security] use noopen middleware
2020-07-21 13:04:56,537 INFO 9088 [egg-security] use nosniff middleware
2020-07-21 13:04:56,537 INFO 9088 [egg-security] use xssProtection middleware
2020-07-21 13:04:56,537 INFO 9088 [egg-security] use xframe middleware
2020-07-21 13:04:56,538 INFO 9088 [egg-security] use dta middleware
2020-07-21 13:04:56,538 INFO 9088 [egg-security] compose 6 middlewares into one security middleware
2020-07-21 13:04:56,549 INFO 9088 [egg:core] dump config after load, 5ms
2020-07-21 13:04:56,589 INFO 9088 [egg-watcher:application] watcher start success
2020-07-21 13:04:56,597 INFO 9088 [egg:core] dump config after ready, 5ms
2020-07-21 13:04:57,891 INFO 12208 [egg:logger] init all loggers with options: {"dir":"D:\\lzy\\egg-demo\\logs\\egg-example","encoding":"utf8","env":"local","level":"INFO","consoleLevel":"INFO","disableConsoleAfterReady":false,"outputJSON":false,"buffer":true,"appLogName":"egg-example-web.log","coreLogName":"egg-web.log","agentLogName":"egg-agent.log","errorLogName":"common-error.log","coreLogger":{"consoleLevel":"WARN"},"allowDebugAtProd":false,"type":"application"}
2020-07-21 13:04:57,914 INFO 12208 [egg-multipart] stream mode enable
2020-07-21 13:04:57,960 INFO 12208 [egg-static] starting static serve /public/ -> D:\lzy\egg-demo\app\public
2020-07-21 13:04:57,962 INFO 12208 [egg-security] use methodnoallow middleware
2020-07-21 13:04:57,963 INFO 12208 [egg-security] use noopen middleware
2020-07-21 13:04:57,963 INFO 12208 [egg-security] use nosniff middleware
2020-07-21 13:04:57,963 INFO 12208 [egg-security] use xssProtection middleware
2020-07-21 13:04:57,964 INFO 12208 [egg-security] use xframe middleware
2020-07-21 13:04:57,964 INFO 12208 [egg-security] use dta middleware
2020-07-21 13:04:57,964 INFO 12208 [egg-security] compose 6 middlewares into one security middleware
2020-07-21 13:04:57,975 INFO 12208 [egg:core] dump config after load, 5ms
2020-07-21 13:04:58,013 INFO 12208 [egg-watcher:application] watcher start success
2020-07-21 13:04:58,021 INFO 12208 [egg:core] dump config after ready, 5ms
2020-07-21 13:05:39,719 INFO 5520 [egg:logger] init all loggers with options: {"dir":"D:\\lzy\\egg-demo\\logs\\egg-example","encoding":"utf8","env":"local","level":"INFO","consoleLevel":"INFO","disableConsoleAfterReady":false,"outputJSON":false,"buffer":true,"appLogName":"egg-example-web.log","coreLogName":"egg-web.log","agentLogName":"egg-agent.log","errorLogName":"common-error.log","coreLogger":{"consoleLevel":"WARN"},"allowDebugAtProd":false,"type":"application"}
2020-07-21 13:05:39,743 INFO 5520 [egg-multipart] stream mode enable
2020-07-21 13:05:39,787 INFO 5520 [egg-static] starting static serve /public/ -> D:\lzy\egg-demo\app\public
2020-07-21 13:05:39,789 INFO 5520 [egg-security] use methodnoallow middleware
2020-07-21 13:05:39,790 INFO 5520 [egg-security] use noopen middleware
2020-07-21 13:05:39,790 INFO 5520 [egg-security] use nosniff middleware
2020-07-21 13:05:39,790 INFO 5520 [egg-security] use xssProtection middleware
2020-07-21 13:05:39,791 INFO 5520 [egg-security] use xframe middleware
2020-07-21 13:05:39,791 INFO 5520 [egg-security] use dta middleware
2020-07-21 13:05:39,791 INFO 5520 [egg-security] compose 6 middlewares into one security middleware
2020-07-21 13:05:39,805 INFO 5520 [egg:core] dump config after load, 5ms
2020-07-21 13:05:39,846 INFO 5520 [egg-watcher:application] watcher start success
2020-07-21 13:05:39,853 INFO 5520 [egg:core] dump config after ready, 5ms
2020-07-21 13:06:15,511 INFO 5520 [egg-view-nunjucks] loading templates from ["D:\\lzy\\egg-demo\\app\\view"]
2020-07-21 13:08:42,224 INFO 11608 [egg:logger] init all loggers with options: {"dir":"D:\\lzy\\egg-demo\\logs\\egg-example","encoding":"utf8","env":"local","level":"INFO","consoleLevel":"INFO","disableConsoleAfterReady":false,"outputJSON":false,"buffer":true,"appLogName":"egg-example-web.log","coreLogName":"egg-web.log","agentLogName":"egg-agent.log","errorLogName":"common-error.log","coreLogger":{"consoleLevel":"WARN"},"allowDebugAtProd":false,"type":"application"}
2020-07-21 13:08:42,250 INFO 11608 [egg-multipart] stream mode enable
2020-07-21 13:08:42,301 INFO 11608 [egg-static] starting static serve /public/ -> D:\lzy\egg-demo\app\public
2020-07-21 13:08:42,303 INFO 11608 [egg-security] use methodnoallow middleware
2020-07-21 13:08:42,304 INFO 11608 [egg-security] use noopen middleware
2020-07-21 13:08:42,304 INFO 11608 [egg-security] use nosniff middleware
2020-07-21 13:08:42,304 INFO 11608 [egg-security] use xssProtection middleware
2020-07-21 13:08:42,305 INFO 11608 [egg-security] use xframe middleware
2020-07-21 13:08:42,305 INFO 11608 [egg-security] use dta middleware
2020-07-21 13:08:42,305 INFO 11608 [egg-security] compose 6 middlewares into one security middleware
2020-07-21 13:08:42,317 INFO 11608 [egg:core] dump config after load, 5ms
2020-07-21 13:08:42,356 INFO 11608 [egg-watcher:application] watcher start success
2020-07-21 13:08:42,366 INFO 11608 [egg:core] dump config after ready, 8ms
2020-07-21 13:11:15,689 INFO 8864 [egg:logger] init all loggers with options: {"dir":"D:\\lzy\\egg-demo\\logs\\egg-example","encoding":"utf8","env":"local","level":"INFO","consoleLevel":"INFO","disableConsoleAfterReady":false,"outputJSON":false,"buffer":true,"appLogName":"egg-example-web.log","coreLogName":"egg-web.log","agentLogName":"egg-agent.log","errorLogName":"common-error.log","coreLogger":{"consoleLevel":"WARN"},"allowDebugAtProd":false,"type":"application"}
2020-07-21 13:11:15,713 INFO 8864 [egg-multipart] stream mode enable
2020-07-21 13:11:15,761 INFO 8864 [egg-static] starting static serve /public/ -> D:\lzy\egg-demo\app\public
2020-07-21 13:11:15,763 INFO 8864 [egg-security] use methodnoallow middleware
2020-07-21 13:11:15,764 INFO 8864 [egg-security] use noopen middleware
2020-07-21 13:11:15,764 INFO 8864 [egg-security] use nosniff middleware
2020-07-21 13:11:15,765 INFO 8864 [egg-security] use xssProtection middleware
2020-07-21 13:11:15,765 INFO 8864 [egg-security] use xframe middleware
2020-07-21 13:11:15,765 INFO 8864 [egg-security] use dta middleware
2020-07-21 13:11:15,765 INFO 8864 [egg-security] compose 6 middlewares into one security middleware
2020-07-21 13:11:15,776 INFO 8864 [egg:core] dump config after load, 5ms
2020-07-21 13:11:15,815 INFO 8864 [egg-watcher:application] watcher start success
2020-07-21 13:11:15,823 INFO 8864 [egg:core] dump config after ready, 6ms
2020-07-21 13:12:22,693 INFO 11472 [egg:logger] init all loggers with options: {"dir":"D:\\lzy\\egg-demo\\logs\\egg-example","encoding":"utf8","env":"local","level":"INFO","consoleLevel":"INFO","disableConsoleAfterReady":false,"outputJSON":false,"buffer":true,"appLogName":"egg-example-web.log","coreLogName":"egg-web.log","agentLogName":"egg-agent.log","errorLogName":"common-error.log","coreLogger":{"consoleLevel":"WARN"},"allowDebugAtProd":false,"type":"application"}
2020-07-21 13:12:22,718 INFO 11472 [egg-multipart] stream mode enable
2020-07-21 13:12:22,769 INFO 11472 [egg-static] starting static serve /public/ -> D:\lzy\egg-demo\app\public
2020-07-21 13:12:22,771 INFO 11472 [egg-security] use methodnoallow middleware
2020-07-21 13:12:22,771 INFO 11472 [egg-security] use noopen middleware
2020-07-21 13:12:22,772 INFO 11472 [egg-security] use nosniff middleware
2020-07-21 13:12:22,772 INFO 11472 [egg-security] use xssProtection middleware
2020-07-21 13:12:22,772 INFO 11472 [egg-security] use xframe middleware
2020-07-21 13:12:22,773 INFO 11472 [egg-security] use dta middleware
2020-07-21 13:12:22,773 INFO 11472 [egg-security] compose 6 middlewares into one security middleware
2020-07-21 13:12:22,787 INFO 11472 [egg:core] dump config after load, 8ms
2020-07-21 13:12:22,826 INFO 11472 [egg-watcher:application] watcher start success
2020-07-21 13:12:22,833 INFO 11472 [egg:core] dump config after ready, 5ms
2020-07-21 13:20:31,345 INFO 9768 [egg:logger] init all loggers with options: {"dir":"D:\\lzy\\egg-demo\\logs\\egg-example","encoding":"utf8","env":"local","level":"INFO","consoleLevel":"INFO","disableConsoleAfterReady":false,"outputJSON":false,"buffer":true,"appLogName":"egg-example-web.log","coreLogName":"egg-web.log","agentLogName":"egg-agent.log","errorLogName":"common-error.log","coreLogger":{"consoleLevel":"WARN"},"allowDebugAtProd":false,"type":"application"}
2020-07-21 13:20:31,370 INFO 9768 [egg-multipart] stream mode enable
2020-07-21 13:20:31,420 INFO 9768 [egg-static] starting static serve /public/ -> D:\lzy\egg-demo\app\public
2020-07-21 13:20:31,423 INFO 9768 [egg-security] use methodnoallow middleware
2020-07-21 13:20:31,423 INFO 9768 [egg-security] use noopen middleware
2020-07-21 13:20:31,424 INFO 9768 [egg-security] use nosniff middleware
2020-07-21 13:20:31,424 INFO 9768 [egg-security] use xssProtection middleware
2020-07-21 13:20:31,425 INFO 9768 [egg-security] use xframe middleware
2020-07-21 13:20:31,425 INFO 9768 [egg-security] use dta middleware
2020-07-21 13:20:31,425 INFO 9768 [egg-security] compose 6 middlewares into one security middleware
2020-07-21 13:20:31,436 INFO 9768 [egg:core] dump config after load, 5ms
2020-07-21 13:20:31,476 INFO 9768 [egg-watcher:application] watcher start success
2020-07-21 13:20:31,485 INFO 9768 [egg:core] dump config after ready, 6ms
2020-07-21 13:20:50,404 INFO 6468 [egg:logger] init all loggers with options: {"dir":"D:\\lzy\\egg-demo\\logs\\egg-example","encoding":"utf8","env":"local","level":"INFO","consoleLevel":"INFO","disableConsoleAfterReady":false,"outputJSON":false,"buffer":true,"appLogName":"egg-example-web.log","coreLogName":"egg-web.log","agentLogName":"egg-agent.log","errorLogName":"common-error.log","coreLogger":{"consoleLevel":"WARN"},"allowDebugAtProd":false,"type":"application"}
2020-07-21 13:20:50,428 INFO 6468 [egg-multipart] stream mode enable
2020-07-21 13:20:50,475 INFO 6468 [egg-static] starting static serve /public/ -> D:\lzy\egg-demo\app\public
2020-07-21 13:20:50,477 INFO 6468 [egg-security] use methodnoallow middleware
2020-07-21 13:20:50,478 INFO 6468 [egg-security] use noopen middleware
2020-07-21 13:20:50,478 INFO 6468 [egg-security] use nosniff middleware
2020-07-21 13:20:50,479 INFO 6468 [egg-security] use xssProtection middleware
2020-07-21 13:20:50,479 INFO 6468 [egg-security] use xframe middleware
2020-07-21 13:20:50,479 INFO 6468 [egg-security] use dta middleware
2020-07-21 13:20:50,479 INFO 6468 [egg-security] compose 6 middlewares into one security middleware
2020-07-21 13:20:50,490 INFO 6468 [egg:core] dump config after load, 5ms
2020-07-21 13:20:50,530 INFO 6468 [egg-watcher:application] watcher start success
2020-07-21 13:20:50,538 INFO 6468 [egg:core] dump config after ready, 6ms
2020-07-21 13:20:51,822 INFO 9516 [egg:logger] init all loggers with options: {"dir":"D:\\lzy\\egg-demo\\logs\\egg-example","encoding":"utf8","env":"local","level":"INFO","consoleLevel":"INFO","disableConsoleAfterReady":false,"outputJSON":false,"buffer":true,"appLogName":"egg-example-web.log","coreLogName":"egg-web.log","agentLogName":"egg-agent.log","errorLogName":"common-error.log","coreLogger":{"consoleLevel":"WARN"},"allowDebugAtProd":false,"type":"application"}
2020-07-21 13:20:51,845 INFO 9516 [egg-multipart] stream mode enable
2020-07-21 13:20:51,891 INFO 9516 [egg-static] starting static serve /public/ -> D:\lzy\egg-demo\app\public
2020-07-21 13:20:51,893 INFO 9516 [egg-security] use methodnoallow middleware
2020-07-21 13:20:51,894 INFO 9516 [egg-security] use noopen middleware
2020-07-21 13:20:51,894 INFO 9516 [egg-security] use nosniff middleware
2020-07-21 13:20:51,894 INFO 9516 [egg-security] use xssProtection middleware
2020-07-21 13:20:51,895 INFO 9516 [egg-security] use xframe middleware
2020-07-21 13:20:51,895 INFO 9516 [egg-security] use dta middleware
2020-07-21 13:20:51,895 INFO 9516 [egg-security] compose 6 middlewares into one security middleware
2020-07-21 13:20:51,906 INFO 9516 [egg:core] dump config after load, 5ms
2020-07-21 13:20:51,944 INFO 9516 [egg-watcher:application] watcher start success
2020-07-21 13:20:51,952 INFO 9516 [egg:core] dump config after ready, 6ms
2020-07-21 13:21:36,712 INFO 12836 [egg:logger] init all loggers with options: {"dir":"D:\\lzy\\egg-demo\\logs\\egg-example","encoding":"utf8","env":"local","level":"INFO","consoleLevel":"INFO","disableConsoleAfterReady":false,"outputJSON":false,"buffer":true,"appLogName":"egg-example-web.log","coreLogName":"egg-web.log","agentLogName":"egg-agent.log","errorLogName":"common-error.log","coreLogger":{"consoleLevel":"WARN"},"allowDebugAtProd":false,"type":"application"}
2020-07-21 13:21:36,736 INFO 12836 [egg-multipart] stream mode enable
2020-07-21 13:21:36,780 INFO 12836 [egg-static] starting static serve /public/ -> D:\lzy\egg-demo\app\public
2020-07-21 13:21:36,783 INFO 12836 [egg-security] use methodnoallow middleware
2020-07-21 13:21:36,783 INFO 12836 [egg-security] use noopen middleware
2020-07-21 13:21:36,784 INFO 12836 [egg-security] use nosniff middleware
2020-07-21 13:21:36,784 INFO 12836 [egg-security] use xssProtection middleware
2020-07-21 13:21:36,784 INFO 12836 [egg-security] use xframe middleware
2020-07-21 13:21:36,785 INFO 12836 [egg-security] use dta middleware
2020-07-21 13:21:36,785 INFO 12836 [egg-security] compose 6 middlewares into one security middleware
2020-07-21 13:21:36,798 INFO 12836 [egg:core] dump config after load, 7ms
2020-07-21 13:21:36,836 INFO 12836 [egg-watcher:application] watcher start success
2020-07-21 13:21:36,844 INFO 12836 [egg:core] dump config after ready, 5ms
2020-07-21 13:22:39,361 INFO 11832 [egg:logger] init all loggers with options: {"dir":"D:\\lzy\\egg-demo\\logs\\egg-example","encoding":"utf8","env":"local","level":"INFO","consoleLevel":"INFO","disableConsoleAfterReady":false,"outputJSON":false,"buffer":true,"appLogName":"egg-example-web.log","coreLogName":"egg-web.log","agentLogName":"egg-agent.log","errorLogName":"common-error.log","coreLogger":{"consoleLevel":"WARN"},"allowDebugAtProd":false,"type":"application"}
2020-07-21 13:22:39,384 INFO 11832 [egg-multipart] stream mode enable
2020-07-21 13:22:39,431 INFO 11832 [egg-static] starting static serve /public/ -> D:\lzy\egg-demo\app\public
2020-07-21 13:22:39,433 INFO 11832 [egg-security] use methodnoallow middleware
2020-07-21 13:22:39,434 INFO 11832 [egg-security] use noopen middleware
2020-07-21 13:22:39,434 INFO 11832 [egg-security] use nosniff middleware
2020-07-21 13:22:39,434 INFO 11832 [egg-security] use xssProtection middleware
2020-07-21 13:22:39,435 INFO 11832 [egg-security] use xframe middleware
2020-07-21 13:22:39,435 INFO 11832 [egg-security] use dta middleware
2020-07-21 13:22:39,435 INFO 11832 [egg-security] compose 6 middlewares into one security middleware
2020-07-21 13:22:39,446 INFO 11832 [egg:core] dump config after load, 5ms
2020-07-21 13:22:39,485 INFO 11832 [egg-watcher:application] watcher start success
2020-07-21 13:22:39,493 INFO 11832 [egg:core] dump config after ready, 5ms
2020-07-21 13:30:51,207 INFO 11344 [egg:logger] init all loggers with options: {"dir":"D:\\lzy\\egg-demo\\logs\\egg-example","encoding":"utf8","env":"local","level":"INFO","consoleLevel":"INFO","disableConsoleAfterReady":false,"outputJSON":false,"buffer":true,"appLogName":"egg-example-web.log","coreLogName":"egg-web.log","agentLogName":"egg-agent.log","errorLogName":"common-error.log","coreLogger":{"consoleLevel":"WARN"},"allowDebugAtProd":false,"type":"application"}
2020-07-21 13:30:51,233 INFO 11344 [egg-multipart] stream mode enable
2020-07-21 13:30:51,284 INFO 11344 [egg-static] starting static serve /public/ -> D:\lzy\egg-demo\app\public
2020-07-21 13:30:51,286 INFO 11344 [egg-security] use methodnoallow middleware
2020-07-21 13:30:51,286 INFO 11344 [egg-security] use noopen middleware
2020-07-21 13:30:51,287 INFO 11344 [egg-security] use nosniff middleware
2020-07-21 13:30:51,287 INFO 11344 [egg-security] use xssProtection middleware
2020-07-21 13:30:51,288 INFO 11344 [egg-security] use xframe middleware
2020-07-21 13:30:51,288 INFO 11344 [egg-security] use dta middleware
2020-07-21 13:30:51,288 INFO 11344 [egg-security] compose 6 middlewares into one security middleware
2020-07-21 13:30:51,299 INFO 11344 [egg:core] dump config after load, 5ms
2020-07-21 13:30:51,337 INFO 11344 [egg-watcher:application] watcher start success
2020-07-21 13:30:51,345 INFO 11344 [egg:core] dump config after ready, 6ms
2020-07-21 13:31:02,130 INFO 10584 [egg:logger] init all loggers with options: {"dir":"D:\\lzy\\egg-demo\\logs\\egg-example","encoding":"utf8","env":"local","level":"INFO","consoleLevel":"INFO","disableConsoleAfterReady":false,"outputJSON":false,"buffer":true,"appLogName":"egg-example-web.log","coreLogName":"egg-web.log","agentLogName":"egg-agent.log","errorLogName":"common-error.log","coreLogger":{"consoleLevel":"WARN"},"allowDebugAtProd":false,"type":"application"}
2020-07-21 13:31:02,155 INFO 10584 [egg-multipart] stream mode enable
2020-07-21 13:31:02,198 INFO 10584 [egg-static] starting static serve /public/ -> D:\lzy\egg-demo\app\public
2020-07-21 13:31:02,200 INFO 10584 [egg-security] use methodnoallow middleware
2020-07-21 13:31:02,200 INFO 10584 [egg-security] use noopen middleware
2020-07-21 13:31:02,201 INFO 10584 [egg-security] use nosniff middleware
2020-07-21 13:31:02,201 INFO 10584 [egg-security] use xssProtection middleware
2020-07-21 13:31:02,202 INFO 10584 [egg-security] use xframe middleware
2020-07-21 13:31:02,202 INFO 10584 [egg-security] use dta middleware
2020-07-21 13:31:02,202 INFO 10584 [egg-security] compose 6 middlewares into one security middleware
2020-07-21 13:31:02,212 INFO 10584 [egg:core] dump config after load, 4ms
2020-07-21 13:31:02,252 INFO 10584 [egg-watcher:application] watcher start success
2020-07-21 13:31:02,261 INFO 10584 [egg:core] dump config after ready, 6ms
2020-07-21 13:33:00,724 INFO 4848 [egg:logger] init all loggers with options: {"dir":"D:\\lzy\\egg-demo\\logs\\egg-example","encoding":"utf8","env":"local","level":"INFO","consoleLevel":"INFO","disableConsoleAfterReady":false,"outputJSON":false,"buffer":true,"appLogName":"egg-example-web.log","coreLogName":"egg-web.log","agentLogName":"egg-agent.log","errorLogName":"common-error.log","coreLogger":{"consoleLevel":"WARN"},"allowDebugAtProd":false,"type":"application"}
2020-07-21 13:33:00,748 INFO 4848 [egg-multipart] stream mode enable
2020-07-21 13:33:00,792 INFO 4848 [egg-static] starting static serve /public/ -> D:\lzy\egg-demo\app\public
2020-07-21 13:33:00,794 INFO 4848 [egg-security] use methodnoallow middleware
2020-07-21 13:33:00,795 INFO 4848 [egg-security] use noopen middleware
2020-07-21 13:33:00,795 INFO 4848 [egg-security] use nosniff middleware
2020-07-21 13:33:00,795 INFO 4848 [egg-security] use xssProtection middleware
2020-07-21 13:33:00,796 INFO 4848 [egg-security] use xframe middleware
2020-07-21 13:33:00,796 INFO 4848 [egg-security] use dta middleware
2020-07-21 13:33:00,796 INFO 4848 [egg-security] compose 6 middlewares into one security middleware
2020-07-21 13:33:00,811 INFO 4848 [egg:core] dump config after load, 5ms
2020-07-21 13:33:00,848 INFO 4848 [egg-watcher:application] watcher start success
2020-07-21 13:33:00,856 INFO 4848 [egg:core] dump config after ready, 6ms
2020-07-21 13:33:08,815 INFO 12068 [egg:logger] init all loggers with options: {"dir":"D:\\lzy\\egg-demo\\logs\\egg-example","encoding":"utf8","env":"local","level":"INFO","consoleLevel":"INFO","disableConsoleAfterReady":false,"outputJSON":false,"buffer":true,"appLogName":"egg-example-web.log","coreLogName":"egg-web.log","agentLogName":"egg-agent.log","errorLogName":"common-error.log","coreLogger":{"consoleLevel":"WARN"},"allowDebugAtProd":false,"type":"application"}
2020-07-21 13:33:08,839 INFO 12068 [egg-multipart] stream mode enable
2020-07-21 13:33:08,881 INFO 12068 [egg-static] starting static serve /public/ -> D:\lzy\egg-demo\app\public
2020-07-21 13:33:08,884 INFO 12068 [egg-security] use methodnoallow middleware
2020-07-21 13:33:08,884 INFO 12068 [egg-security] use noopen middleware
2020-07-21 13:33:08,885 INFO 12068 [egg-security] use nosniff middleware
2020-07-21 13:33:08,885 INFO 12068 [egg-security] use xssProtection middleware
2020-07-21 13:33:08,885 INFO 12068 [egg-security] use xframe middleware
2020-07-21 13:33:08,886 INFO 12068 [egg-security] use dta middleware
2020-07-21 13:33:08,886 INFO 12068 [egg-security] compose 6 middlewares into one security middleware
2020-07-21 13:33:08,899 INFO 12068 [egg:core] dump config after load, 8ms
2020-07-21 13:33:08,939 INFO 12068 [egg-watcher:application] watcher start success
2020-07-21 13:33:08,947 INFO 12068 [egg:core] dump config after ready, 6ms
2020-07-21 13:35:12,909 INFO 9920 [egg:logger] init all loggers with options: {"dir":"D:\\lzy\\egg-demo\\logs\\egg-example","encoding":"utf8","env":"local","level":"INFO","consoleLevel":"INFO","disableConsoleAfterReady":false,"outputJSON":false,"buffer":true,"appLogName":"egg-example-web.log","coreLogName":"egg-web.log","agentLogName":"egg-agent.log","errorLogName":"common-error.log","coreLogger":{"consoleLevel":"WARN"},"allowDebugAtProd":false,"type":"application"}
2020-07-21 13:35:12,933 INFO 9920 [egg-multipart] stream mode enable
2020-07-21 13:35:12,979 INFO 9920 [egg-static] starting static serve /public/ -> D:\lzy\egg-demo\app\public
2020-07-21 13:35:12,982 INFO 9920 [egg-security] use methodnoallow middleware
2020-07-21 13:35:12,982 INFO 9920 [egg-security] use noopen middleware
2020-07-21 13:35:12,982 INFO 9920 [egg-security] use nosniff middleware
2020-07-21 13:35:12,983 INFO 9920 [egg-security] use xssProtection middleware
2020-07-21 13:35:12,983 INFO 9920 [egg-security] use xframe middleware
2020-07-21 13:35:12,983 INFO 9920 [egg-security] use dta middleware
2020-07-21 13:35:12,983 INFO 9920 [egg-security] compose 6 middlewares into one security middleware
2020-07-21 13:35:12,995 INFO 9920 [egg:core] dump config after load, 5ms
2020-07-21 13:35:13,034 INFO 9920 [egg-watcher:application] watcher start success
2020-07-21 13:35:13,042 INFO 9920 [egg:core] dump config after ready, 6ms
2020-07-21 13:35:22,848 INFO 13132 [egg:logger] init all loggers with options: {"dir":"D:\\lzy\\egg-demo\\logs\\egg-example","encoding":"utf8","env":"local","level":"INFO","consoleLevel":"INFO","disableConsoleAfterReady":false,"outputJSON":false,"buffer":true,"appLogName":"egg-example-web.log","coreLogName":"egg-web.log","agentLogName":"egg-agent.log","errorLogName":"common-error.log","coreLogger":{"consoleLevel":"WARN"},"allowDebugAtProd":false,"type":"application"}
2020-07-21 13:35:22,878 INFO 13132 [egg-multipart] stream mode enable
2020-07-21 13:35:22,931 INFO 13132 [egg-static] starting static serve /public/ -> D:\lzy\egg-demo\app\public
2020-07-21 13:35:22,933 INFO 13132 [egg-security] use methodnoallow middleware
2020-07-21 13:35:22,933 INFO 13132 [egg-security] use noopen middleware
2020-07-21 13:35:22,934 INFO 13132 [egg-security] use nosniff middleware
2020-07-21 13:35:22,934 INFO 13132 [egg-security] use xssProtection middleware
2020-07-21 13:35:22,935 INFO 13132 [egg-security] use xframe middleware
2020-07-21 13:35:22,935 INFO 13132 [egg-security] use dta middleware
2020-07-21 13:35:22,935 INFO 13132 [egg-security] compose 6 middlewares into one security middleware
2020-07-21 13:35:22,947 INFO 13132 [egg:core] dump config after load, 5ms
2020-07-21 13:35:22,986 INFO 13132 [egg-watcher:application] watcher start success
2020-07-21 13:35:22,994 INFO 13132 [egg:core] dump config after ready, 6ms
2020-07-21 13:39:05,859 INFO 12108 [egg:logger] init all loggers with options: {"dir":"D:\\lzy\\egg-demo\\logs\\egg-example","encoding":"utf8","env":"local","level":"INFO","consoleLevel":"INFO","disableConsoleAfterReady":false,"outputJSON":false,"buffer":true,"appLogName":"egg-example-web.log","coreLogName":"egg-web.log","agentLogName":"egg-agent.log","errorLogName":"common-error.log","coreLogger":{"consoleLevel":"WARN"},"allowDebugAtProd":false,"type":"application"}
2020-07-21 13:39:05,887 INFO 12108 [egg-multipart] stream mode enable
2020-07-21 13:39:05,932 INFO 12108 [egg-static] starting static serve /public/ -> D:\lzy\egg-demo\app\public
2020-07-21 13:39:05,934 INFO 12108 [egg-security] use methodnoallow middleware
2020-07-21 13:39:05,935 INFO 12108 [egg-security] use noopen middleware
2020-07-21 13:39:05,935 INFO 12108 [egg-security] use nosniff middleware
2020-07-21 13:39:05,936 INFO 12108 [egg-security] use xssProtection middleware
2020-07-21 13:39:05,936 INFO 12108 [egg-security] use xframe middleware
2020-07-21 13:39:05,937 INFO 12108 [egg-security] use dta middleware
2020-07-21 13:39:05,937 INFO 12108 [egg-security] compose 6 middlewares into one security middleware
2020-07-21 13:39:05,948 INFO 12108 [egg:core] dump config after load, 5ms
2020-07-21 13:39:05,995 INFO 12108 [egg-watcher:application] watcher start success
2020-07-21 13:39:06,007 INFO 12108 [egg:core] dump config after ready, 8ms
2020-07-21 13:39:43,779 INFO 8780 [egg:logger] init all loggers with options: {"dir":"D:\\lzy\\egg-demo\\logs\\egg-example","encoding":"utf8","env":"local","level":"INFO","consoleLevel":"INFO","disableConsoleAfterReady":false,"outputJSON":false,"buffer":true,"appLogName":"egg-example-web.log","coreLogName":"egg-web.log","agentLogName":"egg-agent.log","errorLogName":"common-error.log","coreLogger":{"consoleLevel":"WARN"},"allowDebugAtProd":false,"type":"application"}
2020-07-21 13:39:43,804 INFO 8780 [egg-multipart] stream mode enable
2020-07-21 13:39:43,850 INFO 8780 [egg-static] starting static serve /public/ -> D:\lzy\egg-demo\app\public
2020-07-21 13:39:43,852 INFO 8780 [egg-security] use methodnoallow middleware
2020-07-21 13:39:43,852 INFO 8780 [egg-security] use noopen middleware
2020-07-21 13:39:43,853 INFO 8780 [egg-security] use nosniff middleware
2020-07-21 13:39:43,853 INFO 8780 [egg-security] use xssProtection middleware
2020-07-21 13:39:43,853 INFO 8780 [egg-security] use xframe middleware
2020-07-21 13:39:43,853 INFO 8780 [egg-security] use dta middleware
2020-07-21 13:39:43,854 INFO 8780 [egg-security] compose 6 middlewares into one security middleware
2020-07-21 13:39:43,864 INFO 8780 [egg:core] dump config after load, 4ms
2020-07-21 13:39:43,904 INFO 8780 [egg-watcher:application] watcher start success
2020-07-21 13:39:43,912 INFO 8780 [egg:core] dump config after ready, 5ms
2020-07-21 13:39:51,229 INFO 10296 [egg:logger] init all loggers with options: {"dir":"D:\\lzy\\egg-demo\\logs\\egg-example","encoding":"utf8","env":"local","level":"INFO","consoleLevel":"INFO","disableConsoleAfterReady":false,"outputJSON":false,"buffer":true,"appLogName":"egg-example-web.log","coreLogName":"egg-web.log","agentLogName":"egg-agent.log","errorLogName":"common-error.log","coreLogger":{"consoleLevel":"WARN"},"allowDebugAtProd":false,"type":"application"}
2020-07-21 13:39:51,253 INFO 10296 [egg-multipart] stream mode enable
2020-07-21 13:39:51,299 INFO 10296 [egg-static] starting static serve /public/ -> D:\lzy\egg-demo\app\public
2020-07-21 13:39:51,301 INFO 10296 [egg-security] use methodnoallow middleware
2020-07-21 13:39:51,301 INFO 10296 [egg-security] use noopen middleware
2020-07-21 13:39:51,302 INFO 10296 [egg-security] use nosniff middleware
2020-07-21 13:39:51,302 INFO 10296 [egg-security] use xssProtection middleware
2020-07-21 13:39:51,303 INFO 10296 [egg-security] use xframe middleware
2020-07-21 13:39:51,303 INFO 10296 [egg-security] use dta middleware
2020-07-21 13:39:51,303 INFO 10296 [egg-security] compose 6 middlewares into one security middleware
2020-07-21 13:39:51,314 INFO 10296 [egg:core] dump config after load, 5ms
2020-07-21 13:39:51,355 INFO 10296 [egg-watcher:application] watcher start success
2020-07-21 13:39:51,364 INFO 10296 [egg:core] dump config after ready, 6ms
2020-07-21 13:43:29,613 INFO 10508 [egg:logger] init all loggers with options: {"dir":"D:\\lzy\\egg-demo\\logs\\egg-example","encoding":"utf8","env":"local","level":"INFO","consoleLevel":"INFO","disableConsoleAfterReady":false,"outputJSON":false,"buffer":true,"appLogName":"egg-example-web.log","coreLogName":"egg-web.log","agentLogName":"egg-agent.log","errorLogName":"common-error.log","coreLogger":{"consoleLevel":"WARN"},"allowDebugAtProd":false,"type":"application"}
2020-07-21 13:43:29,639 INFO 10508 [egg-multipart] stream mode enable
2020-07-21 13:43:29,688 INFO 10508 [egg-static] starting static serve /public/ -> D:\lzy\egg-demo\app\public
2020-07-21 13:43:29,690 INFO 10508 [egg-security] use methodnoallow middleware
2020-07-21 13:43:29,691 INFO 10508 [egg-security] use noopen middleware
2020-07-21 13:43:29,691 INFO 10508 [egg-security] use nosniff middleware
2020-07-21 13:43:29,692 INFO 10508 [egg-security] use xssProtection middleware
2020-07-21 13:43:29,692 INFO 10508 [egg-security] use xframe middleware
2020-07-21 13:43:29,693 INFO 10508 [egg-security] use dta middleware
2020-07-21 13:43:29,693 INFO 10508 [egg-security] compose 6 middlewares into one security middleware
2020-07-21 13:43:29,704 INFO 10508 [egg:core] dump config after load, 4ms
2020-07-21 13:43:29,749 INFO 10508 [egg-watcher:application] watcher start success
2020-07-21 13:43:29,756 INFO 10508 [egg:core] dump config after ready, 5ms
2020-07-21 13:45:57,476 INFO 11888 [egg:logger] init all loggers with options: {"dir":"D:\\lzy\\egg-demo\\logs\\egg-example","encoding":"utf8","env":"local","level":"INFO","consoleLevel":"INFO","disableConsoleAfterReady":false,"outputJSON":false,"buffer":true,"appLogName":"egg-example-web.log","coreLogName":"egg-web.log","agentLogName":"egg-agent.log","errorLogName":"common-error.log","coreLogger":{"consoleLevel":"WARN"},"allowDebugAtProd":false,"type":"application"}
2020-07-21 13:45:57,500 INFO 11888 [egg-multipart] stream mode enable
2020-07-21 13:45:57,549 INFO 11888 [egg-static] starting static serve /public/ -> D:\lzy\egg-demo\app\public
2020-07-21 13:45:57,551 INFO 11888 [egg-security] use methodnoallow middleware
2020-07-21 13:45:57,552 INFO 11888 [egg-security] use noopen middleware
2020-07-21 13:45:57,552 INFO 11888 [egg-security] use nosniff middleware
2020-07-21 13:45:57,553 INFO 11888 [egg-security] use xssProtection middleware
2020-07-21 13:45:57,553 INFO 11888 [egg-security] use xframe middleware
2020-07-21 13:45:57,553 INFO 11888 [egg-security] use dta middleware
2020-07-21 13:45:57,553 INFO 11888 [egg-security] compose 6 middlewares into one security middleware
2020-07-21 13:45:57,565 INFO 11888 [egg:core] dump config after load, 6ms
2020-07-21 13:45:57,604 INFO 11888 [egg-watcher:application] watcher start success
2020-07-21 13:45:57,611 INFO 11888 [egg:core] dump config after ready, 5ms
2020-07-21 13:45:58,940 INFO 12688 [egg:logger] init all loggers with options: {"dir":"D:\\lzy\\egg-demo\\logs\\egg-example","encoding":"utf8","env":"local","level":"INFO","consoleLevel":"INFO","disableConsoleAfterReady":false,"outputJSON":false,"buffer":true,"appLogName":"egg-example-web.log","coreLogName":"egg-web.log","agentLogName":"egg-agent.log","errorLogName":"common-error.log","coreLogger":{"consoleLevel":"WARN"},"allowDebugAtProd":false,"type":"application"}
2020-07-21 13:45:58,964 INFO 12688 [egg-multipart] stream mode enable
2020-07-21 13:45:59,011 INFO 12688 [egg-static] starting static serve /public/ -> D:\lzy\egg-demo\app\public
2020-07-21 13:45:59,013 INFO 12688 [egg-security] use methodnoallow middleware
2020-07-21 13:45:59,013 INFO 12688 [egg-security] use noopen middleware
2020-07-21 13:45:59,014 INFO 12688 [egg-security] use nosniff middleware
2020-07-21 13:45:59,015 INFO 12688 [egg-security] use xssProtection middleware
2020-07-21 13:45:59,015 INFO 12688 [egg-security] use xframe middleware
2020-07-21 13:45:59,015 INFO 12688 [egg-security] use dta middleware
2020-07-21 13:45:59,015 INFO 12688 [egg-security] compose 6 middlewares into one security middleware
2020-07-21 13:45:59,027 INFO 12688 [egg:core] dump config after load, 6ms
2020-07-21 13:45:59,065 INFO 12688 [egg-watcher:application] watcher start success
2020-07-21 13:45:59,073 INFO 12688 [egg:core] dump config after ready, 5ms
2020-07-21 13:47:14,947 INFO 10804 [egg:logger] init all loggers with options: {"dir":"D:\\lzy\\egg-demo\\logs\\egg-example","encoding":"utf8","env":"local","level":"INFO","consoleLevel":"INFO","disableConsoleAfterReady":false,"outputJSON":false,"buffer":true,"appLogName":"egg-example-web.log","coreLogName":"egg-web.log","agentLogName":"egg-agent.log","errorLogName":"common-error.log","coreLogger":{"consoleLevel":"WARN"},"allowDebugAtProd":false,"type":"application"}
2020-07-21 13:47:14,971 INFO 10804 [egg-multipart] stream mode enable
2020-07-21 13:47:15,017 INFO 10804 [egg-static] starting static serve /public/ -> D:\lzy\egg-demo\app\public
2020-07-21 13:47:15,019 INFO 10804 [egg-security] use methodnoallow middleware
2020-07-21 13:47:15,019 INFO 10804 [egg-security] use noopen middleware
2020-07-21 13:47:15,020 INFO 10804 [egg-security] use nosniff middleware
2020-07-21 13:47:15,020 INFO 10804 [egg-security] use xssProtection middleware
2020-07-21 13:47:15,021 INFO 10804 [egg-security] use xframe middleware
2020-07-21 13:47:15,021 INFO 10804 [egg-security] use dta middleware
2020-07-21 13:47:15,021 INFO 10804 [egg-security] compose 6 middlewares into one security middleware
2020-07-21 13:47:15,031 INFO 10804 [egg:core] dump config after load, 4ms
2020-07-21 13:47:15,068 INFO 10804 [egg-watcher:application] watcher start success
2020-07-21 13:47:15,075 INFO 10804 [egg:core] dump config after ready, 5ms
2020-07-21 13:50:23,379 INFO 4420 [egg:logger] init all loggers with options: {"dir":"D:\\lzy\\egg-demo\\logs\\egg-example","encoding":"utf8","env":"local","level":"INFO","consoleLevel":"INFO","disableConsoleAfterReady":false,"outputJSON":false,"buffer":true,"appLogName":"egg-example-web.log","coreLogName":"egg-web.log","agentLogName":"egg-agent.log","errorLogName":"common-error.log","coreLogger":{"consoleLevel":"WARN"},"allowDebugAtProd":false,"type":"application"}
2020-07-21 13:50:23,404 INFO 4420 [egg-multipart] stream mode enable
2020-07-21 13:50:23,451 INFO 4420 [egg-static] starting static serve /public/ -> D:\lzy\egg-demo\app\public
2020-07-21 13:50:23,453 INFO 4420 [egg-security] use methodnoallow middleware
2020-07-21 13:50:23,454 INFO 4420 [egg-security] use noopen middleware
2020-07-21 13:50:23,455 INFO 4420 [egg-security] use nosniff middleware
2020-07-21 13:50:23,455 INFO 4420 [egg-security] use xssProtection middleware
2020-07-21 13:50:23,456 INFO 4420 [egg-security] use xframe middleware
2020-07-21 13:50:23,456 INFO 4420 [egg-security] use dta middleware
2020-07-21 13:50:23,456 INFO 4420 [egg-security] compose 6 middlewares into one security middleware
2020-07-21 13:50:23,470 INFO 4420 [egg:core] dump config after load, 8ms
2020-07-21 13:50:23,508 INFO 4420 [egg-watcher:application] watcher start success
2020-07-21 13:50:23,516 INFO 4420 [egg:core] dump config after ready, 6ms
2020-07-21 13:51:33,070 INFO 13808 [egg:logger] init all loggers with options: {"dir":"D:\\lzy\\egg-demo\\logs\\egg-example","encoding":"utf8","env":"local","level":"INFO","consoleLevel":"INFO","disableConsoleAfterReady":false,"outputJSON":false,"buffer":true,"appLogName":"egg-example-web.log","coreLogName":"egg-web.log","agentLogName":"egg-agent.log","errorLogName":"common-error.log","coreLogger":{"consoleLevel":"WARN"},"allowDebugAtProd":false,"type":"application"}
2020-07-21 13:51:33,097 INFO 13808 [egg-multipart] stream mode enable
2020-07-21 13:51:33,098 INFO 13808 [egg-mysql] connecting root@39.97.109.255:3306/dy_erp
2020-07-21 13:51:33,179 INFO 13808 [egg-static] starting static serve /public/ -> D:\lzy\egg-demo\app\public
2020-07-21 13:51:33,181 INFO 13808 [egg-security] use methodnoallow middleware
2020-07-21 13:51:33,182 INFO 13808 [egg-security] use noopen middleware
2020-07-21 13:51:33,182 INFO 13808 [egg-security] use nosniff middleware
2020-07-21 13:51:33,182 INFO 13808 [egg-security] use xssProtection middleware
2020-07-21 13:51:33,183 INFO 13808 [egg-security] use xframe middleware
2020-07-21 13:51:33,183 INFO 13808 [egg-security] use dta middleware
2020-07-21 13:51:33,183 INFO 13808 [egg-security] compose 6 middlewares into one security middleware
2020-07-21 13:51:33,194 INFO 13808 [egg:core] dump config after load, 5ms
2020-07-21 13:51:33,236 INFO 13808 [egg-watcher:application] watcher start success
2020-07-21 13:51:33,475 INFO 13808 [egg-mysql] instance[0] status OK, rds currentTime: Tue Jul 21 2020 13:52:53 GMT+0800 (中国标准时间)
2020-07-21 13:51:33,487 INFO 13808 [egg:core] dump config after ready, 8ms
2020-07-21 14:02:36,868 INFO 7416 [egg:logger] init all loggers with options: {"dir":"D:\\lzy\\egg-demo\\logs\\egg-example","encoding":"utf8","env":"local","level":"INFO","consoleLevel":"INFO","disableConsoleAfterReady":false,"outputJSON":false,"buffer":true,"appLogName":"egg-example-web.log","coreLogName":"egg-web.log","agentLogName":"egg-agent.log","errorLogName":"common-error.log","coreLogger":{"consoleLevel":"WARN"},"allowDebugAtProd":false,"type":"application"}
2020-07-21 14:02:36,893 INFO 7416 [egg-multipart] stream mode enable
2020-07-21 14:02:36,894 INFO 7416 [egg-mysql] connecting root@39.97.109.255:3306/dy_erp
2020-07-21 14:02:36,975 INFO 7416 [egg-static] starting static serve /public/ -> D:\lzy\egg-demo\app\public
2020-07-21 14:02:36,977 INFO 7416 [egg-security] use methodnoallow middleware
2020-07-21 14:02:36,978 INFO 7416 [egg-security] use noopen middleware
2020-07-21 14:02:36,978 INFO 7416 [egg-security] use nosniff middleware
2020-07-21 14:02:36,979 INFO 7416 [egg-security] use xssProtection middleware
2020-07-21 14:02:36,979 INFO 7416 [egg-security] use xframe middleware
2020-07-21 14:02:36,980 INFO 7416 [egg-security] use dta middleware
2020-07-21 14:02:36,980 INFO 7416 [egg-security] compose 6 middlewares into one security middleware
2020-07-21 14:02:36,992 INFO 7416 [egg:core] dump config after load, 5ms
2020-07-21 14:02:37,035 INFO 7416 [egg-watcher:application] watcher start success
2020-07-21 14:02:37,181 INFO 7416 [egg-mysql] instance[0] status OK, rds currentTime: Tue Jul 21 2020 14:03:57 GMT+0800 (中国标准时间)
2020-07-21 14:02:37,205 INFO 7416 [egg:core] dump config after ready, 15ms
2020-07-21 14:03:58,250 INFO 14312 [egg:logger] init all loggers with options: {"dir":"D:\\lzy\\egg-demo\\logs\\egg-example","encoding":"utf8","env":"local","level":"INFO","consoleLevel":"INFO","disableConsoleAfterReady":false,"outputJSON":false,"buffer":true,"appLogName":"egg-example-web.log","coreLogName":"egg-web.log","agentLogName":"egg-agent.log","errorLogName":"common-error.log","coreLogger":{"consoleLevel":"WARN"},"allowDebugAtProd":false,"type":"application"}
2020-07-21 14:03:58,276 INFO 14312 [egg-multipart] stream mode enable
2020-07-21 14:03:58,278 INFO 14312 [egg-mysql] connecting root@39.97.109.255:3306/dy_erp
2020-07-21 14:03:58,363 INFO 14312 [egg-static] starting static serve /public/ -> D:\lzy\egg-demo\app\public
2020-07-21 14:03:58,366 INFO 14312 [egg-security] use methodnoallow middleware
2020-07-21 14:03:58,366 INFO 14312 [egg-security] use noopen middleware
2020-07-21 14:03:58,367 INFO 14312 [egg-security] use nosniff middleware
2020-07-21 14:03:58,367 INFO 14312 [egg-security] use xssProtection middleware
2020-07-21 14:03:58,368 INFO 14312 [egg-security] use xframe middleware
2020-07-21 14:03:58,368 INFO 14312 [egg-security] use dta middleware
2020-07-21 14:03:58,368 INFO 14312 [egg-security] compose 6 middlewares into one security middleware
2020-07-21 14:03:58,380 INFO 14312 [egg:core] dump config after load, 5ms
2020-07-21 14:03:58,426 INFO 14312 [egg-watcher:application] watcher start success
2020-07-21 14:03:58,560 INFO 14312 [egg-mysql] instance[0] status OK, rds currentTime: Tue Jul 21 2020 14:05:18 GMT+0800 (中国标准时间)
2020-07-21 14:03:58,589 INFO 14312 [egg:core] dump config after ready, 19ms
2020-07-21 14:05:13,201 INFO 13824 [egg:logger] init all loggers with options: {"dir":"D:\\lzy\\egg-demo\\logs\\egg-example","encoding":"utf8","env":"local","level":"INFO","consoleLevel":"INFO","disableConsoleAfterReady":false,"outputJSON":false,"buffer":true,"appLogName":"egg-example-web.log","coreLogName":"egg-web.log","agentLogName":"egg-agent.log","errorLogName":"common-error.log","coreLogger":{"consoleLevel":"WARN"},"allowDebugAtProd":false,"type":"application"}
2020-07-21 14:05:13,226 INFO 13824 [egg-multipart] stream mode enable
2020-07-21 14:05:13,227 INFO 13824 [egg-mysql] connecting root@39.97.109.255:3306/dy_erp
2020-07-21 14:05:13,311 INFO 13824 [egg-static] starting static serve /public/ -> D:\lzy\egg-demo\app\public
2020-07-21 14:05:13,314 INFO 13824 [egg-security] use methodnoallow middleware
2020-07-21 14:05:13,314 INFO 13824 [egg-security] use noopen middleware
2020-07-21 14:05:13,314 INFO 13824 [egg-security] use nosniff middleware
2020-07-21 14:05:13,315 INFO 13824 [egg-security] use xssProtection middleware
2020-07-21 14:05:13,315 INFO 13824 [egg-security] use xframe middleware
2020-07-21 14:05:13,315 INFO 13824 [egg-security] use dta middleware
2020-07-21 14:05:13,315 INFO 13824 [egg-security] compose 6 middlewares into one security middleware
2020-07-21 14:05:13,326 INFO 13824 [egg:core] dump config after load, 5ms
2020-07-21 14:05:13,369 INFO 13824 [egg-watcher:application] watcher start success
2020-07-21 14:05:13,518 INFO 13824 [egg-mysql] instance[0] status OK, rds currentTime: Tue Jul 21 2020 14:06:33 GMT+0800 (中国标准时间)
2020-07-21 14:05:13,525 INFO 13824 [egg:core] dump config after ready, 5ms
2020-07-21 14:06:31,030 INFO 12048 [egg:logger] init all loggers with options: {"dir":"D:\\lzy\\egg-demo\\logs\\egg-example","encoding":"utf8","env":"local","level":"INFO","consoleLevel":"INFO","disableConsoleAfterReady":false,"outputJSON":false,"buffer":true,"appLogName":"egg-example-web.log","coreLogName":"egg-web.log","agentLogName":"egg-agent.log","errorLogName":"common-error.log","coreLogger":{"consoleLevel":"WARN"},"allowDebugAtProd":false,"type":"application"}
2020-07-21 14:06:31,057 INFO 12048 [egg-multipart] stream mode enable
2020-07-21 14:06:31,059 INFO 12048 [egg-mysql] connecting root@39.97.109.255:3306/dy_erp
2020-07-21 14:06:31,142 INFO 12048 [egg-static] starting static serve /public/ -> D:\lzy\egg-demo\app\public
2020-07-21 14:06:31,145 INFO 12048 [egg-security] use methodnoallow middleware
2020-07-21 14:06:31,145 INFO 12048 [egg-security] use noopen middleware
2020-07-21 14:06:31,146 INFO 12048 [egg-security] use nosniff middleware
2020-07-21 14:06:31,146 INFO 12048 [egg-security] use xssProtection middleware
2020-07-21 14:06:31,147 INFO 12048 [egg-security] use xframe middleware
2020-07-21 14:06:31,147 INFO 12048 [egg-security] use dta middleware
2020-07-21 14:06:31,147 INFO 12048 [egg-security] compose 6 middlewares into one security middleware
2020-07-21 14:06:31,159 INFO 12048 [egg:core] dump config after load, 5ms
2020-07-21 14:06:31,203 INFO 12048 [egg-watcher:application] watcher start success
2020-07-21 14:06:31,330 INFO 12048 [egg-mysql] instance[0] status OK, rds currentTime: Tue Jul 21 2020 14:07:51 GMT+0800 (中国标准时间)
2020-07-21 14:06:31,338 INFO 12048 [egg:core] dump config after ready, 5ms
2020-07-21 14:06:32,923 INFO 12452 [egg:logger] init all loggers with options: {"dir":"D:\\lzy\\egg-demo\\logs\\egg-example","encoding":"utf8","env":"local","level":"INFO","consoleLevel":"INFO","disableConsoleAfterReady":false,"outputJSON":false,"buffer":true,"appLogName":"egg-example-web.log","coreLogName":"egg-web.log","agentLogName":"egg-agent.log","errorLogName":"common-error.log","coreLogger":{"consoleLevel":"WARN"},"allowDebugAtProd":false,"type":"application"}
2020-07-21 14:06:32,947 INFO 12452 [egg-multipart] stream mode enable
2020-07-21 14:06:32,949 INFO 12452 [egg-mysql] connecting root@39.97.109.255:3306/dy_erp
2020-07-21 14:06:33,036 INFO 12452 [egg-static] starting static serve /public/ -> D:\lzy\egg-demo\app\public
2020-07-21 14:06:33,038 INFO 12452 [egg-security] use methodnoallow middleware
2020-07-21 14:06:33,039 INFO 12452 [egg-security] use noopen middleware
2020-07-21 14:06:33,039 INFO 12452 [egg-security] use nosniff middleware
2020-07-21 14:06:33,040 INFO 12452 [egg-security] use xssProtection middleware
2020-07-21 14:06:33,040 INFO 12452 [egg-security] use xframe middleware
2020-07-21 14:06:33,040 INFO 12452 [egg-security] use dta middleware
2020-07-21 14:06:33,040 INFO 12452 [egg-security] compose 6 middlewares into one security middleware
2020-07-21 14:06:33,052 INFO 12452 [egg:core] dump config after load, 5ms
2020-07-21 14:06:33,093 INFO 12452 [egg-watcher:application] watcher start success
2020-07-21 14:06:33,226 INFO 12452 [egg-mysql] instance[0] status OK, rds currentTime: Tue Jul 21 2020 14:07:53 GMT+0800 (中国标准时间)
2020-07-21 14:06:33,237 INFO 12452 [egg:core] dump config after ready, 7ms
2020-07-21 14:06:34,514 INFO 13888 [egg:logger] init all loggers with options: {"dir":"D:\\lzy\\egg-demo\\logs\\egg-example","encoding":"utf8","env":"local","level":"INFO","consoleLevel":"INFO","disableConsoleAfterReady":false,"outputJSON":false,"buffer":true,"appLogName":"egg-example-web.log","coreLogName":"egg-web.log","agentLogName":"egg-agent.log","errorLogName":"common-error.log","coreLogger":{"consoleLevel":"WARN"},"allowDebugAtProd":false,"type":"application"}
2020-07-21 14:06:34,539 INFO 13888 [egg-multipart] stream mode enable
2020-07-21 14:06:34,541 INFO 13888 [egg-mysql] connecting root@39.97.109.255:3306/dy_erp
2020-07-21 14:06:34,621 INFO 13888 [egg-static] starting static serve /public/ -> D:\lzy\egg-demo\app\public
2020-07-21 14:06:34,623 INFO 13888 [egg-security] use methodnoallow middleware
2020-07-21 14:06:34,624 INFO 13888 [egg-security] use noopen middleware
2020-07-21 14:06:34,624 INFO 13888 [egg-security] use nosniff middleware
2020-07-21 14:06:34,624 INFO 13888 [egg-security] use xssProtection middleware
2020-07-21 14:06:34,625 INFO 13888 [egg-security] use xframe middleware
2020-07-21 14:06:34,625 INFO 13888 [egg-security] use dta middleware
2020-07-21 14:06:34,625 INFO 13888 [egg-security] compose 6 middlewares into one security middleware
2020-07-21 14:06:34,637 INFO 13888 [egg:core] dump config after load, 5ms
2020-07-21 14:06:34,679 INFO 13888 [egg-watcher:application] watcher start success
2020-07-21 14:06:34,817 INFO 13888 [egg-mysql] instance[0] status OK, rds currentTime: Tue Jul 21 2020 14:07:55 GMT+0800 (中国标准时间)
2020-07-21 14:06:34,828 INFO 13888 [egg:core] dump config after ready, 8ms
2020-07-21 14:16:11,900 INFO 7660 [egg:logger] init all loggers with options: {"dir":"D:\\lzy\\egg-demo\\logs\\egg-example","encoding":"utf8","env":"local","level":"INFO","consoleLevel":"INFO","disableConsoleAfterReady":false,"outputJSON":false,"buffer":true,"appLogName":"egg-example-web.log","coreLogName":"egg-web.log","agentLogName":"egg-agent.log","errorLogName":"common-error.log","coreLogger":{"consoleLevel":"WARN"},"allowDebugAtProd":false,"type":"application"}
2020-07-21 14:16:11,924 INFO 7660 [egg-multipart] stream mode enable
2020-07-21 14:16:11,926 INFO 7660 [egg-mysql] connecting root@39.97.109.255:3306/dy_erp
2020-07-21 14:16:12,009 INFO 7660 [egg-static] starting static serve /public/ -> D:\lzy\egg-demo\app\public
2020-07-21 14:16:12,011 INFO 7660 [egg-security] use methodnoallow middleware
2020-07-21 14:16:12,012 INFO 7660 [egg-security] use noopen middleware
2020-07-21 14:16:12,012 INFO 7660 [egg-security] use nosniff middleware
2020-07-21 14:16:12,013 INFO 7660 [egg-security] use xssProtection middleware
2020-07-21 14:16:12,013 INFO 7660 [egg-security] use xframe middleware
2020-07-21 14:16:12,013 INFO 7660 [egg-security] use dta middleware
2020-07-21 14:16:12,013 INFO 7660 [egg-security] compose 6 middlewares into one security middleware
2020-07-21 14:16:12,025 INFO 7660 [egg:core] dump config after load, 5ms
2020-07-21 14:16:12,071 INFO 7660 [egg-watcher:application] watcher start success
2020-07-21 14:16:12,194 INFO 7660 [egg-mysql] instance[0] status OK, rds currentTime: Tue Jul 21 2020 14:17:32 GMT+0800 (中国标准时间)
2020-07-21 14:16:12,204 INFO 7660 [egg:core] dump config after ready, 7ms
